<?xml version="1.0" encoding="UTF-8"?>
<!-- Generated by org.testng.reporters.JUnitXMLReporter -->
<testsuite ignored="0" hostname="LAPTOP-6628VBM4" failures="1" tests="8" name="CRM test Cases" time="133.092" errors="0" timestamp="2025-01-13T16:11:37 CET">
  <testcase classname="com.crm.qa.testcases.ContactsPageTest" name="verifyContactsLogo" time="0.037"/>
  <testcase classname="com.crm.qa.testcases.ContactsPageTest" name="clickonContacts" time="0.194"/>
  <testcase classname="com.crm.qa.testcases.HomePageTest" name="verifyHomePageTitle" time="0.011"/>
  <testcase classname="com.crm.qa.testcases.HomePageTest" name="verifyUserNameIsdDisplayed" time="0.068"/>
  <testcase classname="com.crm.qa.testcases.HomePageTest" name="verifyContactsLink" time="2.186"/>
  <testcase classname="com.crm.qa.testcases.LoginPageTest" name="LoginPageTitleTest" time="6.403">
    <failure type="java.lang.AssertionError" message="expected [Free CRM software for customer relationship management, sales, and support.] but found []">
      <![CDATA[java.lang.AssertionError: expected [Free CRM software for customer relationship management, sales, and support.] but found []
at com.crm.qa.testcases.LoginPageTest.LoginPageTitleTest(LoginPageTest.java:40)
at java.base/java.util.ArrayList.forEach(ArrayList.java:1597)
... Removed 31 stack frames]]>
    </failure>
  </testcase> <!-- LoginPageTitleTest -->
  <testcase classname="com.crm.qa.testcases.LoginPageTest" name="LoginPageLogotest" time="0.031"/>
  <testcase classname="com.crm.qa.testcases.LoginPageTest" name="Login" time="10.041"/>
</testsuite> <!-- CRM test Cases -->
